2023.09.10 17:15:40 INFO  Started: Metals version 1.0.1 in folders '/Users/thomasrenaud/Desktop/Postech/Advanced Programming/cs434-assign/example' for client Visual Studio Code 1.82.0.
sept. 10, 2023 5:15:40 PM org.flywaydb.core.internal.license.VersionPrinter printVersionOnly
INFO: Flyway Community Edition 9.21.2 by Redgate
sept. 10, 2023 5:15:40 PM org.flywaydb.core.internal.license.VersionPrinter printVersion
INFO: See release notes here: https://rd.gt/416ObMi
sept. 10, 2023 5:15:40 PM org.flywaydb.core.internal.license.VersionPrinter printVersion
INFO: 
sept. 10, 2023 5:15:40 PM org.flywaydb.core.FlywayExecutor execute
INFO: Database: jdbc:h2:file:/Users/thomasrenaud/Desktop/Postech/Advanced Programming/cs434-assign/example/.metals/metals (H2 2.1)
sept. 10, 2023 5:15:40 PM org.flywaydb.core.internal.schemahistory.JdbcTableSchemaHistory allAppliedMigrations
INFO: Schema history table "PUBLIC"."flyway_schema_history" does not exist yet
sept. 10, 2023 5:15:40 PM org.flywaydb.core.internal.command.DbValidate validate
INFO: Successfully validated 4 migrations (execution time 00:00.013s)
sept. 10, 2023 5:15:40 PM org.flywaydb.core.internal.schemahistory.JdbcTableSchemaHistory create
INFO: Creating Schema History table "PUBLIC"."flyway_schema_history" ...
sept. 10, 2023 5:15:40 PM org.flywaydb.core.internal.command.DbMigrate migrateGroup
INFO: Current version of schema "PUBLIC": << Empty Schema >>
sept. 10, 2023 5:15:40 PM org.flywaydb.core.internal.command.DbMigrate doMigrateGroup
INFO: Migrating schema "PUBLIC" to version "1 - Create tables"
sept. 10, 2023 5:15:40 PM org.flywaydb.core.internal.command.DbMigrate doMigrateGroup
INFO: Migrating schema "PUBLIC" to version "2 - Server discovery"
sept. 10, 2023 5:15:40 PM org.flywaydb.core.internal.command.DbMigrate doMigrateGroup
INFO: Migrating schema "PUBLIC" to version "3 - Jar symbols"
sept. 10, 2023 5:15:40 PM org.flywaydb.core.internal.command.DbMigrate doMigrateGroup
INFO: Migrating schema "PUBLIC" to version "4 - Fingerprints"
sept. 10, 2023 5:15:40 PM org.flywaydb.core.internal.command.DbMigrate logSummary
INFO: Successfully applied 4 migrations to schema "PUBLIC", now at version v4 (execution time 00:00.016s)
2023.09.10 17:15:40 INFO  time: initialize in 0.54s
2023.09.10 17:15:42 WARN  Build server is not auto-connectable.
2023.09.10 17:15:42 WARN  Unsupported sbt version 0.13.13
2023.09.10 17:15:49 INFO  Shutting down server
2023.09.10 17:15:49 INFO  shutting down Metals
2023.09.10 17:15:49 INFO  Exiting server
2023.09.10 17:16:54 INFO  Started: Metals version 1.0.1 in folders '/Users/thomasrenaud/Desktop/Postech/Advanced Programming/cs434-assign/example' for client Visual Studio Code 1.82.0.
sept. 10, 2023 5:16:54 PM org.flywaydb.core.internal.license.VersionPrinter printVersionOnly
INFO: Flyway Community Edition 9.21.2 by Redgate
sept. 10, 2023 5:16:54 PM org.flywaydb.core.internal.license.VersionPrinter printVersion
INFO: See release notes here: https://rd.gt/416ObMi
sept. 10, 2023 5:16:54 PM org.flywaydb.core.internal.license.VersionPrinter printVersion
INFO: 
sept. 10, 2023 5:16:54 PM org.flywaydb.core.FlywayExecutor execute
INFO: Database: jdbc:h2:file:/Users/thomasrenaud/Desktop/Postech/Advanced Programming/cs434-assign/example/.metals/metals (H2 2.1)
sept. 10, 2023 5:16:54 PM org.flywaydb.core.internal.command.DbValidate validate
INFO: Successfully validated 4 migrations (execution time 00:00.015s)
sept. 10, 2023 5:16:54 PM org.flywaydb.core.internal.command.DbMigrate migrateGroup
INFO: Current version of schema "PUBLIC": 4
sept. 10, 2023 5:16:54 PM org.flywaydb.core.internal.command.DbMigrate logSummary
INFO: Schema "PUBLIC" is up to date. No migration necessary.
2023.09.10 17:16:54 INFO  time: initialize in 0.42s
2023.09.10 17:16:56 WARN  Build server is not auto-connectable.
2023.09.10 17:16:56 WARN  Unsupported sbt version 0.13.13
2023.09.10 17:16:56 WARN  no build target for: /Users/thomasrenaud/Desktop/Postech/Advanced Programming/cs434-assign/example/src/main/scala/example/Main.scala
2023.09.10 17:16:58 INFO  no build target found for /Users/thomasrenaud/Desktop/Postech/Advanced Programming/cs434-assign/example/src/main/scala/example/Main.scala. Using presentation compiler with project's scala-library version: 3.3.0
2023.09.10 17:17:00 INFO  time: code lens generation in 1.21s
2023.09.10 17:17:13 WARN  no build target for: /Users/thomasrenaud/Desktop/Postech/Advanced Programming/cs434-assign/example/src/main/scala/example/Main.scala
2023.09.10 17:17:32 WARN  no build target for: /Users/thomasrenaud/Desktop/Postech/Advanced Programming/cs434-assign/example/src/main/scala/example/Lists.scala
2023.09.10 17:18:02 WARN  no build target for: /Users/thomasrenaud/Desktop/Postech/Advanced Programming/cs434-assign/example/src/main/scala/example/Main.scala
2023.09.10 17:18:16 WARN  no build target for: /Users/thomasrenaud/Desktop/Postech/Advanced Programming/cs434-assign/example/src/main/scala/example/Main.scala
2023.09.10 17:18:23 WARN  no build target for: /Users/thomasrenaud/Desktop/Postech/Advanced Programming/cs434-assign/example/src/main/scala/example/Main.scala
2023.09.10 17:18:35 WARN  no build target for: /Users/thomasrenaud/Desktop/Postech/Advanced Programming/cs434-assign/example/src/main/scala/example/Main.scala
2023.09.10 17:18:50 WARN  no build target for: /Users/thomasrenaud/Desktop/Postech/Advanced Programming/cs434-assign/example/src/main/scala/example/Lists.scala
2023.09.10 17:19:10 WARN  no build target for: /Users/thomasrenaud/Desktop/Postech/Advanced Programming/cs434-assign/example/src/main/scala/common/package.scala
2023.09.10 17:25:15 WARN  no build target for: /Users/thomasrenaud/Desktop/Postech/Advanced Programming/cs434-assign/example/src/test/scala/example/ListsSuite.scala
sept. 10, 2023 5:25:28 PM org.eclipse.lsp4j.jsonrpc.RemoteEndpoint handleCancellation
WARNING: Unmatched cancel notification for request id 186
2023.09.10 17:25:30 WARN  no build target for: /Users/thomasrenaud/Desktop/Postech/Advanced Programming/cs434-assign/example/src/main/scala/example/Main.scala
2023.09.10 17:41:58 INFO  Shutting down server
2023.09.10 17:41:58 INFO  shutting down Metals
2023.09.10 17:41:58 INFO  Exiting server
